<?xml version="1.0" encoding="UTF-8"?>
<!-- Generated by org.testng.reporters.JUnitXMLReporter -->
<testsuite hostname="W10D5WDSQ2" ignored="0" name="Command line test" tests="3" failures="0" timestamp="2020-04-20T15:11:05 IST" time="15.653" errors="0">
  <testcase name="test1" time="6.082" classname="com.AtomationTalks.dempProject1.TestClass1"/>
  <testcase name="test2" time="1.322" classname="com.AtomationTalks.dempProject1.TestClass1"/>
  <testcase name="test3" time="1.418" classname="com.AtomationTalks.dempProject1.TestClass1"/>
</testsuite> <!-- Command line test -->
