<?xml version="1.0" encoding="UTF-8"?>
<testng-results skipped="0" failed="0" ignored="0" total="3" passed="3">
  <reporter-output>
  </reporter-output>
  <suite name="com.AtomationTalks.dempProject1.TestClass1" duration-ms="15653" started-at="2020-04-20T15:10:50 IST" finished-at="2020-04-20T15:11:05 IST">
    <groups>
    </groups>
    <test name="Command line test" duration-ms="15653" started-at="2020-04-20T15:10:50 IST" finished-at="2020-04-20T15:11:05 IST">
      <class name="com.AtomationTalks.dempProject1.TestClass1">
        <test-method status="PASS" signature="launchDriver()[pri:0, instance:com.AtomationTalks.dempProject1.TestClass1@146ba0ac]" name="launchDriver" is-config="true" duration-ms="4715" started-at="2020-04-20T15:10:50 IST" finished-at="2020-04-20T15:10:54 IST">
          <reporter-output>
          </reporter-output>
        </test-method> <!-- launchDriver -->
        <test-method status="PASS" signature="test1()[pri:0, instance:com.AtomationTalks.dempProject1.TestClass1@146ba0ac]" name="test1" duration-ms="6082" started-at="2020-04-20T15:10:54 IST" finished-at="2020-04-20T15:11:01 IST">
          <reporter-output>
          </reporter-output>
        </test-method> <!-- test1 -->
        <test-method status="PASS" signature="test2()[pri:0, instance:com.AtomationTalks.dempProject1.TestClass1@146ba0ac]" name="test2" duration-ms="1322" started-at="2020-04-20T15:11:01 IST" finished-at="2020-04-20T15:11:02 IST">
          <reporter-output>
          </reporter-output>
        </test-method> <!-- test2 -->
        <test-method status="PASS" signature="test3()[pri:0, instance:com.AtomationTalks.dempProject1.TestClass1@146ba0ac]" name="test3" duration-ms="1418" started-at="2020-04-20T15:11:02 IST" finished-at="2020-04-20T15:11:03 IST">
          <reporter-output>
          </reporter-output>
        </test-method> <!-- test3 -->
        <test-method status="PASS" signature="quit()[pri:0, instance:com.AtomationTalks.dempProject1.TestClass1@146ba0ac]" name="quit" is-config="true" duration-ms="2079" started-at="2020-04-20T15:11:03 IST" finished-at="2020-04-20T15:11:05 IST">
          <reporter-output>
          </reporter-output>
        </test-method> <!-- quit -->
      </class> <!-- com.AtomationTalks.dempProject1.TestClass1 -->
    </test> <!-- Command line test -->
  </suite> <!-- com.AtomationTalks.dempProject1.TestClass1 -->
</testng-results>
