<?xml version="1.0" encoding="UTF-8"?>
<testng-results skipped="0" failed="0" ignored="0" total="3" passed="3">
  <reporter-output>
  </reporter-output>
  <suite name="Suite" duration-ms="15330" started-at="2020-04-20T15:06:10 IST" finished-at="2020-04-20T15:06:25 IST">
    <groups>
    </groups>
    <test name="Test" duration-ms="15330" started-at="2020-04-20T15:06:10 IST" finished-at="2020-04-20T15:06:25 IST">
      <class name="com.AtomationTalks.dempProject1.TestClass1">
        <test-method status="PASS" signature="launchDriver()[pri:0, instance:com.AtomationTalks.dempProject1.TestClass1@30b8a058]" name="launchDriver" is-config="true" duration-ms="4670" started-at="2020-04-20T15:06:10 IST" finished-at="2020-04-20T15:06:14 IST">
          <reporter-output>
          </reporter-output>
        </test-method> <!-- launchDriver -->
        <test-method status="PASS" signature="test1()[pri:0, instance:com.AtomationTalks.dempProject1.TestClass1@30b8a058]" name="test1" duration-ms="4753" started-at="2020-04-20T15:06:15 IST" finished-at="2020-04-20T15:06:19 IST">
          <reporter-output>
          </reporter-output>
        </test-method> <!-- test1 -->
        <test-method status="PASS" signature="test2()[pri:0, instance:com.AtomationTalks.dempProject1.TestClass1@30b8a058]" name="test2" duration-ms="2307" started-at="2020-04-20T15:06:19 IST" finished-at="2020-04-20T15:06:22 IST">
          <reporter-output>
          </reporter-output>
        </test-method> <!-- test2 -->
        <test-method status="PASS" signature="test3()[pri:0, instance:com.AtomationTalks.dempProject1.TestClass1@30b8a058]" name="test3" duration-ms="1491" started-at="2020-04-20T15:06:22 IST" finished-at="2020-04-20T15:06:23 IST">
          <reporter-output>
          </reporter-output>
        </test-method> <!-- test3 -->
        <test-method status="PASS" signature="quit()[pri:0, instance:com.AtomationTalks.dempProject1.TestClass1@30b8a058]" name="quit" is-config="true" duration-ms="2072" started-at="2020-04-20T15:06:23 IST" finished-at="2020-04-20T15:06:25 IST">
          <reporter-output>
          </reporter-output>
        </test-method> <!-- quit -->
      </class> <!-- com.AtomationTalks.dempProject1.TestClass1 -->
    </test> <!-- Test -->
  </suite> <!-- Suite -->
</testng-results>
